# JRE version: OpenJDK Runtime Environment (8.0_152-b01) (build 1.8.0_152-release-915-b01)
# Java VM: OpenJDK 64-Bit Server VM (25.152-b01 mixed mode windows-amd64 compressed oops)
Heap:
 PSYoungGen      total 89088K, used 60798K [0x00000000e0000000, 0x00000000e7c00000, 0x0000000100000000)
  eden space 78848K, 77% used [0x00000000e0000000,0x00000000e3b5fad0,0x00000000e4d00000)
  from space 10240K, 0% used [0x00000000e4d00000,0x00000000e4d00000,0x00000000e5700000)
  to   space 10752K, 0% used [0x00000000e7180000,0x00000000e7180000,0x00000000e7c00000)
 ParOldGen       total 98304K, used 15084K [0x00000000a0000000, 0x00000000a6000000, 0x00000000e0000000)
  object space 98304K, 15% used [0x00000000a0000000,0x00000000a0ebb3e8,0x00000000a6000000)
 Metaspace       used 38946K, capacity 39650K, committed 40024K, reserved 1083392K
  class space    used 5197K, capacity 5459K, committed 5504K, reserved 1048576K
GC Heap History (10 events):
Event: 13.769 GC heap before
{Heap before GC invocations=7 (full 1):
 PSYoungGen      total 38400K, used 37339K [0x00000000e0000000, 0x00000000e4500000, 0x0000000100000000)
  eden space 33280K, 100% used [0x00000000e0000000,0x00000000e2080000,0x00000000e2080000)
  from space 5120K, 79% used [0x00000000e2080000,0x00000000e2476f98,0x00000000e2580000)
  to   space 10752K, 0% used [0x00000000e3a80000,0x00000000e3a80000,0x00000000e4500000)
 ParOldGen       total 64000K, used 8787K [0x00000000a0000000, 0x00000000a3e80000, 0x00000000e0000000)
  object space 64000K, 13% used [0x00000000a0000000,0x00000000a0894ef0,0x00000000a3e80000)
 Metaspace       used 25994K, capacity 26506K, committed 26880K, reserved 1073152K
  class space    used 3558K, capacity 3734K, committed 3840K, reserved 1048576K
Event: 13.782 GC heap after
Heap after GC invocations=7 (full 1):
 PSYoungGen      total 60416K, used 5430K [0x00000000e0000000, 0x00000000e4580000, 0x0000000100000000)
  eden space 49664K, 0% used [0x00000000e0000000,0x00000000e0000000,0x00000000e3080000)
  from space 10752K, 50% used [0x00000000e3a80000,0x00000000e3fcd948,0x00000000e4500000)
  to   space 10240K, 0% used [0x00000000e3080000,0x00000000e3080000,0x00000000e3a80000)
 ParOldGen       total 64000K, used 8795K [0x00000000a0000000, 0x00000000a3e80000, 0x00000000e0000000)
  object space 64000K, 13% used [0x00000000a0000000,0x00000000a0896ef0,0x00000000a3e80000)
 Metaspace       used 25994K, capacity 26506K, committed 26880K, reserved 1073152K
  class space    used 3558K, capacity 3734K, committed 3840K, reserved 1048576K
}
Event: 15.119 GC heap before
{Heap before GC invocations=8 (full 1):
 PSYoungGen      total 60416K, used 55094K [0x00000000e0000000, 0x00000000e4580000, 0x0000000100000000)
  eden space 49664K, 100% used [0x00000000e0000000,0x00000000e3080000,0x00000000e3080000)
  from space 10752K, 50% used [0x00000000e3a80000,0x00000000e3fcd948,0x00000000e4500000)
  to   space 10240K, 0% used [0x00000000e3080000,0x00000000e3080000,0x00000000e3a80000)
 ParOldGen       total 64000K, used 8795K [0x00000000a0000000, 0x00000000a3e80000, 0x00000000e0000000)
  object space 64000K, 13% used [0x00000000a0000000,0x00000000a0896ef0,0x00000000a3e80000)
 Metaspace       used 30148K, capacity 30708K, committed 30976K, reserved 1075200K
  class space    used 4126K, capacity 4323K, committed 4352K, reserved 1048576K
Event: 15.140 GC heap after
Heap after GC invocations=8 (full 1):
 PSYoungGen      total 59904K, used 7834K [0x00000000e0000000, 0x00000000e6200000, 0x0000000100000000)
  eden space 49664K, 0% used [0x00000000e0000000,0x00000000e0000000,0x00000000e3080000)
  from space 10240K, 76% used [0x00000000e3080000,0x00000000e3826b08,0x00000000e3a80000)
  to   space 10752K, 0% used [0x00000000e5780000,0x00000000e5780000,0x00000000e6200000)
 ParOldGen       total 64000K, used 8803K [0x00000000a0000000, 0x00000000a3e80000, 0x00000000e0000000)
  object space 64000K, 13% used [0x00000000a0000000,0x00000000a0898ef0,0x00000000a3e80000)
 Metaspace       used 30148K, capacity 30708K, committed 30976K, reserved 1075200K
  class space    used 4126K, capacity 4323K, committed 4352K, reserved 1048576K
}
Event: 16.877 GC heap before
{Heap before GC invocations=9 (full 1):
 PSYoungGen      total 59904K, used 57498K [0x00000000e0000000, 0x00000000e6200000, 0x0000000100000000)
  eden space 49664K, 100% used [0x00000000e0000000,0x00000000e3080000,0x00000000e3080000)
  from space 10240K, 76% used [0x00000000e3080000,0x00000000e3826b08,0x00000000e3a80000)
  to   space 10752K, 0% used [0x00000000e5780000,0x00000000e5780000,0x00000000e6200000)
 ParOldGen       total 64000K, used 8803K [0x00000000a0000000, 0x00000000a3e80000, 0x00000000e0000000)
  object space 64000K, 13% used [0x00000000a0000000,0x00000000a0898ef0,0x00000000a3e80000)
 Metaspace       used 31310K, capacity 31890K, committed 32128K, reserved 1077248K
  class space    used 4264K, capacity 4460K, committed 4480K, reserved 1048576K
Event: 16.892 GC heap after
Heap after GC invocations=9 (full 1):
 PSYoungGen      total 88576K, used 6900K [0x00000000e0000000, 0x00000000e6100000, 0x0000000100000000)
  eden space 78848K, 0% used [0x00000000e0000000,0x00000000e0000000,0x00000000e4d00000)
  from space 9728K, 70% used [0x00000000e5780000,0x00000000e5e3d030,0x00000000e6100000)
  to   space 10240K, 0% used [0x00000000e4d00000,0x00000000e4d00000,0x00000000e5700000)
 ParOldGen       total 64000K, used 8875K [0x00000000a0000000, 0x00000000a3e80000, 0x00000000e0000000)
  object space 64000K, 13% used [0x00000000a0000000,0x00000000a08aaf00,0x00000000a3e80000)
 Metaspace       used 31310K, capacity 31890K, committed 32128K, reserved 1077248K
  class space    used 4264K, capacity 4460K, committed 4480K, reserved 1048576K
}
Event: 22.948 GC heap before
{Heap before GC invocations=10 (full 1):
 PSYoungGen      total 88576K, used 27175K [0x00000000e0000000, 0x00000000e6100000, 0x0000000100000000)
  eden space 78848K, 25% used [0x00000000e0000000,0x00000000e13cce80,0x00000000e4d00000)
  from space 9728K, 70% used [0x00000000e5780000,0x00000000e5e3d030,0x00000000e6100000)
  to   space 10240K, 0% used [0x00000000e4d00000,0x00000000e4d00000,0x00000000e5700000)
 ParOldGen       total 64000K, used 8875K [0x00000000a0000000, 0x00000000a3e80000, 0x00000000e0000000)
  object space 64000K, 13% used [0x00000000a0000000,0x00000000a08aaf00,0x00000000a3e80000)
 Metaspace       used 34519K, capacity 35202K, committed 35416K, reserved 1079296K
  class space    used 4692K, capacity 4957K, committed 4992K, reserved 1048576K
Event: 22.977 GC heap after
Heap after GC invocations=10 (full 1):
 PSYoungGen      total 89088K, used 8995K [0x00000000e0000000, 0x00000000e7c00000, 0x0000000100000000)
  eden space 78848K, 0% used [0x00000000e0000000,0x00000000e0000000,0x00000000e4d00000)
  from space 10240K, 87% used [0x00000000e4d00000,0x00000000e55c8f40,0x00000000e5700000)
  to   space 10752K, 0% used [0x00000000e7180000,0x00000000e7180000,0x00000000e7c00000)
 ParOldGen       total 64000K, used 8883K [0x00000000a0000000, 0x00000000a3e80000, 0x00000000e0000000)
  object space 64000K, 13% used [0x00000000a0000000,0x00000000a08acf00,0x00000000a3e80000)
 Metaspace       used 34519K, capacity 35202K, committed 35416K, reserved 1079296K
  class space    used 4692K, capacity 4957K, committed 4992K, reserved 1048576K
}
Event: 22.977 GC heap before
{Heap before GC invocations=11 (full 2):
 PSYoungGen      total 89088K, used 8995K [0x00000000e0000000, 0x00000000e7c00000, 0x0000000100000000)
  eden space 78848K, 0% used [0x00000000e0000000,0x00000000e0000000,0x00000000e4d00000)
  from space 10240K, 87% used [0x00000000e4d00000,0x00000000e55c8f40,0x00000000e5700000)
  to   space 10752K, 0% used [0x00000000e7180000,0x00000000e7180000,0x00000000e7c00000)
 ParOldGen       total 64000K, used 8883K [0x00000000a0000000, 0x00000000a3e80000, 0x00000000e0000000)
  object space 64000K, 13% used [0x00000000a0000000,0x00000000a08acf00,0x00000000a3e80000)
 Metaspace       used 34519K, capacity 35202K, committed 35416K, reserved 1079296K
  class space    used 4692K, capacity 4957K, committed 4992K, reserved 1048576K
Event: 23.143 GC heap after
Heap after GC invocations=11 (full 2):
 PSYoungGen      total 89088K, used 0K [0x00000000e0000000, 0x00000000e7c00000, 0x0000000100000000)
  eden space 78848K, 0% used [0x00000000e0000000,0x00000000e0000000,0x00000000e4d00000)
  from space 10240K, 0% used [0x00000000e4d00000,0x00000000e4d00000,0x00000000e5700000)
  to   space 10752K, 0% used [0x00000000e7180000,0x00000000e7180000,0x00000000e7c00000)
 ParOldGen       total 98304K, used 15084K [0x00000000a0000000, 0x00000000a6000000, 0x00000000e0000000)
  object space 98304K, 15% used [0x00000000a0000000,0x00000000a0ebb3e8,0x00000000a6000000)
 Metaspace       used 34519K, capacity 35202K, committed 35416K, reserved 1079296K
  class space    used 4692K, capacity 4957K, committed 4992K, reserved 1048576K
}

