# JRE version: OpenJDK Runtime Environment (8.0_152-b01) (build 1.8.0_152-release-915-b01)
# Java VM: OpenJDK 64-Bit Server VM (25.152-b01 mixed mode windows-amd64 compressed oops)
Heap:
 PSYoungGen      total 210432K, used 150559K [0x00000000e0000000, 0x00000000ef280000, 0x0000000100000000)
  eden space 197120K, 72% used [0x00000000e0000000,0x00000000e8b015f8,0x00000000ec080000)
  from space 13312K, 61% used [0x00000000ee580000,0x00000000eed868d0,0x00000000ef280000)
  to   space 25600K, 0% used [0x00000000ec080000,0x00000000ec080000,0x00000000ed980000)
 ParOldGen       total 164352K, used 46678K [0x00000000a0000000, 0x00000000aa080000, 0x00000000e0000000)
  object space 164352K, 28% used [0x00000000a0000000,0x00000000a2d95868,0x00000000aa080000)
 Metaspace       used 67486K, capacity 70674K, committed 70784K, reserved 1110016K
  class space    used 9015K, capacity 9799K, committed 9856K, reserved 1048576K
GC Heap History (10 events):
Event: 36.522 GC heap before
{Heap before GC invocations=11 (full 2):
 PSYoungGen      total 147968K, used 147792K [0x00000000e0000000, 0x00000000ea400000, 0x0000000100000000)
  eden space 136704K, 100% used [0x00000000e0000000,0x00000000e8580000,0x00000000e8580000)
  from space 11264K, 98% used [0x00000000e9900000,0x00000000ea3d43e0,0x00000000ea400000)
  to   space 13312K, 0% used [0x00000000e8a00000,0x00000000e8a00000,0x00000000e9700000)
 ParOldGen       total 101376K, used 16382K [0x00000000a0000000, 0x00000000a6300000, 0x00000000e0000000)
  object space 101376K, 16% used [0x00000000a0000000,0x00000000a0fff9d0,0x00000000a6300000)
 Metaspace       used 52410K, capacity 54140K, committed 54272K, reserved 1095680K
  class space    used 7138K, capacity 7595K, committed 7680K, reserved 1048576K
Event: 36.563 GC heap after
Heap after GC invocations=11 (full 2):
 PSYoungGen      total 154624K, used 13310K [0x00000000e0000000, 0x00000000ec580000, 0x0000000100000000)
  eden space 141312K, 0% used [0x00000000e0000000,0x00000000e0000000,0x00000000e8a00000)
  from space 13312K, 99% used [0x00000000e8a00000,0x00000000e96ffbb8,0x00000000e9700000)
  to   space 17408K, 0% used [0x00000000eb480000,0x00000000eb480000,0x00000000ec580000)
 ParOldGen       total 101376K, used 22362K [0x00000000a0000000, 0x00000000a6300000, 0x00000000e0000000)
  object space 101376K, 22% used [0x00000000a0000000,0x00000000a15d6a10,0x00000000a6300000)
 Metaspace       used 52410K, capacity 54140K, committed 54272K, reserved 1095680K
  class space    used 7138K, capacity 7595K, committed 7680K, reserved 1048576K
}
Event: 38.685 GC heap before
{Heap before GC invocations=12 (full 2):
 PSYoungGen      total 154624K, used 154622K [0x00000000e0000000, 0x00000000ec580000, 0x0000000100000000)
  eden space 141312K, 100% used [0x00000000e0000000,0x00000000e8a00000,0x00000000e8a00000)
  from space 13312K, 99% used [0x00000000e8a00000,0x00000000e96ffbb8,0x00000000e9700000)
  to   space 17408K, 0% used [0x00000000eb480000,0x00000000eb480000,0x00000000ec580000)
 ParOldGen       total 101376K, used 22362K [0x00000000a0000000, 0x00000000a6300000, 0x00000000e0000000)
  object space 101376K, 22% used [0x00000000a0000000,0x00000000a15d6a10,0x00000000a6300000)
 Metaspace       used 54879K, capacity 56944K, committed 57088K, reserved 1097728K
  class space    used 7553K, capacity 8077K, committed 8192K, reserved 1048576K
Event: 38.763 GC heap after
Heap after GC invocations=12 (full 2):
 PSYoungGen      total 178176K, used 17382K [0x00000000e0000000, 0x00000000ee400000, 0x0000000100000000)
  eden space 160768K, 0% used [0x00000000e0000000,0x00000000e0000000,0x00000000e9d00000)
  from space 17408K, 99% used [0x00000000eb480000,0x00000000ec579ba8,0x00000000ec580000)
  to   space 24064K, 0% used [0x00000000e9d00000,0x00000000e9d00000,0x00000000eb480000)
 ParOldGen       total 101376K, used 35626K [0x00000000a0000000, 0x00000000a6300000, 0x00000000e0000000)
  object space 101376K, 35% used [0x00000000a0000000,0x00000000a22ca910,0x00000000a6300000)
 Metaspace       used 54879K, capacity 56944K, committed 57088K, reserved 1097728K
  class space    used 7553K, capacity 8077K, committed 8192K, reserved 1048576K
}
Event: 41.041 GC heap before
{Heap before GC invocations=13 (full 2):
 PSYoungGen      total 178176K, used 59028K [0x00000000e0000000, 0x00000000ee400000, 0x0000000100000000)
  eden space 160768K, 25% used [0x00000000e0000000,0x00000000e28ab498,0x00000000e9d00000)
  from space 17408K, 99% used [0x00000000eb480000,0x00000000ec579ba8,0x00000000ec580000)
  to   space 24064K, 0% used [0x00000000e9d00000,0x00000000e9d00000,0x00000000eb480000)
 ParOldGen       total 101376K, used 35626K [0x00000000a0000000, 0x00000000a6300000, 0x00000000e0000000)
  object space 101376K, 35% used [0x00000000a0000000,0x00000000a22ca910,0x00000000a6300000)
 Metaspace       used 56527K, capacity 58912K, committed 59028K, reserved 1099776K
  class space    used 7725K, capacity 8334K, committed 8448K, reserved 1048576K
Event: 41.066 GC heap after
Heap after GC invocations=13 (full 2):
 PSYoungGen      total 184832K, used 20273K [0x00000000e0000000, 0x00000000eff00000, 0x0000000100000000)
  eden space 160768K, 0% used [0x00000000e0000000,0x00000000e0000000,0x00000000e9d00000)
  from space 24064K, 84% used [0x00000000e9d00000,0x00000000eb0cc5e0,0x00000000eb480000)
  to   space 26112K, 0% used [0x00000000ee580000,0x00000000ee580000,0x00000000eff00000)
 ParOldGen       total 101376K, used 35634K [0x00000000a0000000, 0x00000000a6300000, 0x00000000e0000000)
  object space 101376K, 35% used [0x00000000a0000000,0x00000000a22cc910,0x00000000a6300000)
 Metaspace       used 56527K, capacity 58912K, committed 59028K, reserved 1099776K
  class space    used 7725K, capacity 8334K, committed 8448K, reserved 1048576K
}
Event: 41.066 GC heap before
{Heap before GC invocations=14 (full 3):
 PSYoungGen      total 184832K, used 20273K [0x00000000e0000000, 0x00000000eff00000, 0x0000000100000000)
  eden space 160768K, 0% used [0x00000000e0000000,0x00000000e0000000,0x00000000e9d00000)
  from space 24064K, 84% used [0x00000000e9d00000,0x00000000eb0cc5e0,0x00000000eb480000)
  to   space 26112K, 0% used [0x00000000ee580000,0x00000000ee580000,0x00000000eff00000)
 ParOldGen       total 101376K, used 35634K [0x00000000a0000000, 0x00000000a6300000, 0x00000000e0000000)
  object space 101376K, 35% used [0x00000000a0000000,0x00000000a22cc910,0x00000000a6300000)
 Metaspace       used 56527K, capacity 58912K, committed 59028K, reserved 1099776K
  class space    used 7725K, capacity 8334K, committed 8448K, reserved 1048576K
Event: 41.412 GC heap after
Heap after GC invocations=14 (full 3):
 PSYoungGen      total 184832K, used 0K [0x00000000e0000000, 0x00000000eff00000, 0x0000000100000000)
  eden space 160768K, 0% used [0x00000000e0000000,0x00000000e0000000,0x00000000e9d00000)
  from space 24064K, 0% used [0x00000000e9d00000,0x00000000e9d00000,0x00000000eb480000)
  to   space 26112K, 0% used [0x00000000ee580000,0x00000000ee580000,0x00000000eff00000)
 ParOldGen       total 164352K, used 46670K [0x00000000a0000000, 0x00000000aa080000, 0x00000000e0000000)
  object space 164352K, 28% used [0x00000000a0000000,0x00000000a2d93868,0x00000000aa080000)
 Metaspace       used 56527K, capacity 58912K, committed 59028K, reserved 1099776K
  class space    used 7725K, capacity 8334K, committed 8448K, reserved 1048576K
}
Event: 200.390 GC heap before
{Heap before GC invocations=15 (full 3):
 PSYoungGen      total 184832K, used 160768K [0x00000000e0000000, 0x00000000eff00000, 0x0000000100000000)
  eden space 160768K, 100% used [0x00000000e0000000,0x00000000e9d00000,0x00000000e9d00000)
  from space 24064K, 0% used [0x00000000e9d00000,0x00000000e9d00000,0x00000000eb480000)
  to   space 26112K, 0% used [0x00000000ee580000,0x00000000ee580000,0x00000000eff00000)
 ParOldGen       total 164352K, used 46670K [0x00000000a0000000, 0x00000000aa080000, 0x00000000e0000000)
  object space 164352K, 28% used [0x00000000a0000000,0x00000000a2d93868,0x00000000aa080000)
 Metaspace       used 61313K, capacity 64224K, committed 64256K, reserved 1103872K
  class space    used 8204K, capacity 8932K, committed 8960K, reserved 1048576K
Event: 200.408 GC heap after
Heap after GC invocations=15 (full 3):
 PSYoungGen      total 210432K, used 8218K [0x00000000e0000000, 0x00000000ef280000, 0x0000000100000000)
  eden space 197120K, 0% used [0x00000000e0000000,0x00000000e0000000,0x00000000ec080000)
  from space 13312K, 61% used [0x00000000ee580000,0x00000000eed868d0,0x00000000ef280000)
  to   space 25600K, 0% used [0x00000000ec080000,0x00000000ec080000,0x00000000ed980000)
 ParOldGen       total 164352K, used 46678K [0x00000000a0000000, 0x00000000aa080000, 0x00000000e0000000)
  object space 164352K, 28% used [0x00000000a0000000,0x00000000a2d95868,0x00000000aa080000)
 Metaspace       used 61313K, capacity 64224K, committed 64256K, reserved 1103872K
  class space    used 8204K, capacity 8932K, committed 8960K, reserved 1048576K
}

